<?xml version="1.0" encoding="UTF-8" ?>
<testsuites errors="2"
            failures="1"
            tests="1">

  <testsuite name="demo"
    errors="2" failures="1" hostname="" id="" package="demo" skipped="0"
    tests="1" time="9.606" timestamp="">
  
    <testcase name="Demo test ecosia.org" classname="demo" time="9.606" assertions="5">

    

    

    

      <failure message="Testing if element [0;33m&lt;.mainline-results&gt;[0m contains text [0;33m&#39;Nightwdwdwdatch&#39;[0m in 5000ms - expected [0;32m&#34;contains text &#39;Nightwdwdwdatch&#39;&#34;[0m but got: [0;31m&#34;element could not be located&#34;[0m [0;90m(5151ms)[0m">    at Object.Demo test ecosia.org (C:\Users\erick.gacitua\Desktop\pruebaNightwatch\tests\demo.js:11:17)
    at processTicksAndRejections (internal/process/task_queues.js:97:5)</failure>

    
      <failure message="    at Object.Demo test ecosia.org (C:\Users\erick.gacitua\Desktop\pruebaNightwatch\tests\demo.js:11:17)">    at processTicksAndRejections (internal/process/task_queues.js:97:5)</failure>
      <error message="Error while running &#34;containsText&#34; command: Testing if element [0;33m&lt;.mainline-results&gt;[0m contains text [0;33m&#39;Nightwdwdwdatch&#39;[0m in 5000ms - expected [0;32m&#34;contains text &#39;Nightwdwdwdatch&#39;&#34;[0m but got: [0;31m&#34;element could not be located&#34;[0m [0;90m(5151ms)[0m" type="error">    at processTicksAndRejections (internal/process/task_queues.js:97:5)</error>
    
    </testcase>
  

  
    <system-err>
      [0;31m  TimeoutError: An error occurred while running .click() command on &lt;button[type=submit]&gt;:   (Session info: chrome=80.0.3987.132),  (Driver info: chromedriver=80.0.3987.16 (320f6526c1632ad4f205ebce69b99a062ed78647-refs/branch-heads/3987@{#185}),platform=Windows NT 10.0.17134 x86_64); element click intercepted: Element &lt;button type=&#34;submit&#34; role=&#34;button&#34; aria-label=&#34;Submit&#34; class=&#34;button button-submit icon-button icon-button--elevation-0 icon-button--size-m icon-button--variant-bare&#34; data-v-750a8c90=&#34;&#34; data-v-e4880950=&#34;&#34;&gt;...&lt;/button&gt; is not clickable at point (816, 311). Other element would receive the click: &lt;span data-v-05200a6f=&#34;&#34; data-v-71a9f5d8=&#34;&#34;&gt;...&lt;/span&gt;
   {&#34;status&#34;:-1,&#34;state&#34;:&#34;&#34;,&#34;value&#34;:{&#34;message&#34;:&#34;element click intercepted: Element &lt;button type=\&#34;submit\&#34; role=\&#34;button\&#34; aria-label=\&#34;Submit\&#34; class=\&#34;button button-submit icon-button icon-button--elevation-0 icon-button--size-m icon-button--variant-bare\&#34; data-v-750a8c90=\&#34;\&#34; data-v-e4880950=\&#34;\&#34;&gt;...&lt;/button&gt; is not clickable at point (816, 311). Other element would receive the click: &lt;span data-v-05200a6f=\&#34;\&#34; data-v-71a9f5d8=\&#34;\&#34;&gt;...&lt;/span&gt;&#34;,&#34;error&#34;:[&#34;  (Session info: chrome=80.0.3987.132)&#34;,&#34;  (Driver info: chromedriver=80.0.3987.16 (320f6526c1632ad4f205ebce69b99a062ed78647-refs/branch-heads/3987@{#185}),platform=Windows NT 10.0.17134 x86_64)&#34;]},&#34;errorStatus&#34;:64,&#34;error&#34;:&#34;element click intercepted: Element &lt;button type=\&#34;submit\&#34; role=\&#34;button\&#34; aria-label=\&#34;Submit\&#34; class=\&#34;button button-submit icon-button icon-button--elevation-0 icon-button--size-m icon-button--variant-bare\&#34; data-v-750a8c90=\&#34;\&#34; data-v-e4880950=\&#34;\&#34;&gt;...&lt;/button&gt; is not clickable at point (816, 311). Other element would receive the click: &lt;span data-v-05200a6f=\&#34;\&#34; data-v-71a9f5d8=\&#34;\&#34;&gt;...&lt;/span&gt;&#34;,&#34;httpStatusCode&#34;:200}[0m
[0;90m       at processTicksAndRejections (internal/process/task_queues.js:97:5)[0m
[0;31m  NoSuchElementError: An error occurred while running .getText() command on &lt;.mainline-results&gt;: undefined; undefined
   {&#34;sessionId&#34;:&#34;4ac637cceb574ae24cd0c1329dabbcbe&#34;,&#34;status&#34;:0,&#34;value&#34;:[]}[0m
[0;90m       at processTicksAndRejections (internal/process/task_queues.js:97:5)[0m
    </system-err>
  

  
  </testsuite>
</testsuites>
